  main.cpp
D:\Microsoft Visual Studio\repos\2D_practica3\lib\stb_truetype.h(1073,1): error C2084: la función 'stbtt_uint8 stbtt__buf_get8(stbtt__buf *)' ya tiene un cuerpo
D:\Microsoft Visual Studio\repos\2D_practica3\lib\stb_truetype.h(1072): message : vea la definición anterior de 'stbtt__buf_get8'
D:\Microsoft Visual Studio\repos\2D_practica3\lib\stb_truetype.h(1080,1): error C2084: la función 'stbtt_uint8 stbtt__buf_peek8(stbtt__buf *)' ya tiene un cuerpo
D:\Microsoft Visual Studio\repos\2D_practica3\lib\stb_truetype.h(1079): message : vea la definición anterior de 'stbtt__buf_peek8'
D:\Microsoft Visual Studio\repos\2D_practica3\lib\stb_truetype.h(1087,1): error C2084: la función 'void stbtt__buf_seek(stbtt__buf *,int)' ya tiene un cuerpo
D:\Microsoft Visual Studio\repos\2D_practica3\lib\stb_truetype.h(1086): message : vea la definición anterior de 'stbtt__buf_seek'
D:\Microsoft Visual Studio\repos\2D_practica3\lib\stb_truetype.h(1093,1): error C2084: la función 'void stbtt__buf_skip(stbtt__buf *,int)' ya tiene un cuerpo
D:\Microsoft Visual Studio\repos\2D_practica3\lib\stb_truetype.h(1092): message : vea la definición anterior de 'stbtt__buf_skip'
D:\Microsoft Visual Studio\repos\2D_practica3\lib\stb_truetype.h(1094,4): error C2065: 'stbtt__buf_seek': identificador no declarado
D:\Microsoft Visual Studio\repos\2D_practica3\lib\stb_truetype.h(1098,1): error C2084: la función 'stbtt_uint32 stbtt__buf_get(stbtt__buf *,int)' ya tiene un cuerpo
D:\Microsoft Visual Studio\repos\2D_practica3\lib\stb_truetype.h(1097): message : vea la definición anterior de 'stbtt__buf_get'
D:\Microsoft Visual Studio\repos\2D_practica3\lib\stb_truetype.h(1103,22): error C2065: 'stbtt__buf_get8': identificador no declarado
D:\Microsoft Visual Studio\repos\2D_practica3\lib\stb_truetype.h(1103,40): error C2568: '|': no se puede resolver la sobrecarga de funciones
D:\Microsoft Visual Studio\repos\2D_practica3\lib\stb_truetype.h(1103,40): message : puede ser 'stbtt_uint8 stbtt__buf_get8(stbtt__buf *)'
D:\Microsoft Visual Studio\repos\2D_practica3\lib\stb_truetype.h(1108,1): error C2084: la función 'stbtt__buf stbtt__new_buf(const void *,size_t)' ya tiene un cuerpo
D:\Microsoft Visual Studio\repos\2D_practica3\lib\stb_truetype.h(1107): message : vea la definición anterior de 'stbtt__new_buf'
D:\Microsoft Visual Studio\repos\2D_practica3\lib\stb_truetype.h(1121,1): error C2084: la función 'stbtt__buf stbtt__buf_range(const stbtt__buf *,int,int)' ya tiene un cuerpo
D:\Microsoft Visual Studio\repos\2D_practica3\lib\stb_truetype.h(1120): message : vea la definición anterior de 'stbtt__buf_range'
D:\Microsoft Visual Studio\repos\2D_practica3\lib\stb_truetype.h(1122,19): error C2065: 'stbtt__new_buf': identificador no declarado
D:\Microsoft Visual Studio\repos\2D_practica3\lib\stb_truetype.h(1122,42): error C2440: 'inicializando': no se puede realizar la conversión de 'stbtt__buf (__cdecl *)(const void *,size_t)' a 'stbtt__buf'
D:\Microsoft Visual Studio\repos\2D_practica3\lib\stb_truetype.h(1122,42): message : Ningún constructor ha podido aceptar el tipo de origen o bien la resolución de sobrecarga del constructor era ambigua
D:\Microsoft Visual Studio\repos\2D_practica3\lib\stb_truetype.h(1130,1): error C2084: la función 'stbtt__buf stbtt__cff_get_index(stbtt__buf *)' ya tiene un cuerpo
D:\Microsoft Visual Studio\repos\2D_practica3\lib\stb_truetype.h(1129): message : vea la definición anterior de 'stbtt__cff_get_index'
D:\Microsoft Visual Studio\repos\2D_practica3\lib\stb_truetype.h(1133,12): error C2065: 'stbtt__buf_get': identificador no declarado
D:\Microsoft Visual Studio\repos\2D_practica3\lib\stb_truetype.h(1133,31): error C2568: '=': no se puede resolver la sobrecarga de funciones
D:\Microsoft Visual Studio\repos\2D_practica3\lib\stb_truetype.h(1133,31): message : puede ser 'stbtt_uint32 stbtt__buf_get(stbtt__buf *,int)'
D:\Microsoft Visual Studio\repos\2D_practica3\lib\stb_truetype.h(1135,17): error C2065: 'stbtt__buf_get8': identificador no declarado
D:\Microsoft Visual Studio\repos\2D_practica3\lib\stb_truetype.h(1135,35): error C2568: '=': no se puede resolver la sobrecarga de funciones
D:\Microsoft Visual Studio\repos\2D_practica3\lib\stb_truetype.h(1135,35): message : puede ser 'stbtt_uint8 stbtt__buf_get8(stbtt__buf *)'
D:\Microsoft Visual Studio\repos\2D_practica3\lib\stb_truetype.h(1137,7): error C2065: 'stbtt__buf_skip': identificador no declarado
D:\Microsoft Visual Studio\repos\2D_practica3\lib\stb_truetype.h(1138,26): error C2065: 'stbtt__buf_get': identificador no declarado
D:\Microsoft Visual Studio\repos\2D_practica3\lib\stb_truetype.h(1138,56): error C2296: '-': no es válido; el operando izquierdo es de tipo 'stbtt_uint32 (__cdecl *)(stbtt__buf *,int)'
D:\Microsoft Visual Studio\repos\2D_practica3\lib\stb_truetype.h(1138,7): error C2065: 'stbtt__buf_skip': identificador no declarado
D:\Microsoft Visual Studio\repos\2D_practica3\lib\stb_truetype.h(1140,11): error C2065: 'stbtt__buf_range': identificador no declarado
D:\Microsoft Visual Studio\repos\2D_practica3\lib\stb_truetype.h(1144,1): error C2084: la función 'stbtt_uint32 stbtt__cff_int(stbtt__buf *)' ya tiene un cuerpo
D:\Microsoft Visual Studio\repos\2D_practica3\lib\stb_truetype.h(1143): message : vea la definición anterior de 'stbtt__cff_int'
D:\Microsoft Visual Studio\repos\2D_practica3\lib\stb_truetype.h(1145,13): error C2065: 'stbtt__buf_get8': identificador no declarado
D:\Microsoft Visual Studio\repos\2D_practica3\lib\stb_truetype.h(1145,31): error C2440: 'inicializando': no se puede realizar la conversión de 'stbtt_uint8 (__cdecl *)(stbtt__buf *)' a 'int'
D:\Microsoft Visual Studio\repos\2D_practica3\lib\stb_truetype.h(1145,11): message : No existe un contexto en el que sea posible realizar esta conversión
D:\Microsoft Visual Studio\repos\2D_practica3\lib\stb_truetype.h(1147,61): error C2065: 'stbtt__buf_get8': identificador no declarado
D:\Microsoft Visual Studio\repos\2D_practica3\lib\stb_truetype.h(1147,80): error C2568: '+': no se puede resolver la sobrecarga de funciones
D:\Microsoft Visual Studio\repos\2D_practica3\lib\stb_truetype.h(1147,80): message : puede ser 'stbtt_uint8 stbtt__buf_get8(stbtt__buf *)'
D:\Microsoft Visual Studio\repos\2D_practica3\lib\stb_truetype.h(1148,62): error C2065: 'stbtt__buf_get8': identificador no declarado
D:\Microsoft Visual Studio\repos\2D_practica3\lib\stb_truetype.h(1148,81): error C2568: '-': no se puede resolver la sobrecarga de funciones
D:\Microsoft Visual Studio\repos\2D_practica3\lib\stb_truetype.h(1148,81): message : puede ser 'stbtt_uint8 stbtt__buf_get8(stbtt__buf *)'
D:\Microsoft Visual Studio\repos\2D_practica3\lib\stb_truetype.h(1149,44): error C2065: 'stbtt__buf_get': identificador no declarado
D:\Microsoft Visual Studio\repos\2D_practica3\lib\stb_truetype.h(1150,44): error C2065: 'stbtt__buf_get': identificador no declarado
D:\Microsoft Visual Studio\repos\2D_practica3\lib\stb_truetype.h(1155,52): error C2084: la función 'void stbtt__cff_skip_operand(stbtt__buf *)' ya tiene un cuerpo
D:\Microsoft Visual Studio\repos\2D_practica3\lib\stb_truetype.h(1155): message : vea la definición anterior de 'stbtt__cff_skip_operand'
D:\Microsoft Visual Studio\repos\2D_practica3\lib\stb_truetype.h(1156,16): error C2065: 'stbtt__buf_peek8': identificador no declarado
D:\Microsoft Visual Studio\repos\2D_practica3\lib\stb_truetype.h(1156,35): error C2440: 'inicializando': no se puede realizar la conversión de 'stbtt_uint8 (__cdecl *)(stbtt__buf *)' a 'int'
D:\Microsoft Visual Studio\repos\2D_practica3\lib\stb_truetype.h(1156,14): message : No existe un contexto en el que sea posible realizar esta conversión
D:\Microsoft Visual Studio\repos\2D_practica3\lib\stb_truetype.h(1159,7): error C2065: 'stbtt__buf_skip': identificador no declarado
D:\Microsoft Visual Studio\repos\2D_practica3\lib\stb_truetype.h(1161,14): error C2065: 'stbtt__buf_get8': identificador no declarado
D:\Microsoft Visual Studio\repos\2D_practica3\lib\stb_truetype.h(1161,32): error C2568: '=': no se puede resolver la sobrecarga de funciones
D:\Microsoft Visual Studio\repos\2D_practica3\lib\stb_truetype.h(1161,32): message : puede ser 'stbtt_uint8 stbtt__buf_get8(stbtt__buf *)'
D:\Microsoft Visual Studio\repos\2D_practica3\lib\stb_truetype.h(1166,7): error C2065: 'stbtt__cff_int': identificador no declarado
D:\Microsoft Visual Studio\repos\2D_practica3\lib\stb_truetype.h(1171,1): error C2084: la función 'stbtt__buf stbtt__dict_get(stbtt__buf *,int)' ya tiene un cuerpo
D:\Microsoft Visual Studio\repos\2D_practica3\lib\stb_truetype.h(1170): message : vea la definición anterior de 'stbtt__dict_get'
D:\Microsoft Visual Studio\repos\2D_practica3\lib\stb_truetype.h(1172,4): error C2065: 'stbtt__buf_seek': identificador no declarado
D:\Microsoft Visual Studio\repos\2D_practica3\lib\stb_truetype.h(1175,14): error C2065: 'stbtt__buf_peek8': identificador no declarado
D:\Microsoft Visual Studio\repos\2D_practica3\lib\stb_truetype.h(1175,39): error C2446: >=': no hay conversión de 'int' en 'stbtt_uint8 (__cdecl *)(stbtt__buf *)'
D:\Microsoft Visual Studio\repos\2D_practica3\lib\stb_truetype.h(1175,37): message : La conversión de un tipo entero a un tipo de puntero requiere reinterpret_cast, conversión de estilo de C o conversión de estilo de función
D:\Microsoft Visual Studio\repos\2D_practica3\lib\stb_truetype.h(1176,10): error C2065: 'stbtt__cff_skip_operand': identificador no declarado
D:\Microsoft Visual Studio\repos\2D_practica3\lib\stb_truetype.h(1178,12): error C2065: 'stbtt__buf_get8': identificador no declarado
D:\Microsoft Visual Studio\repos\2D_practica3\lib\stb_truetype.h(1178,30): error C2568: '=': no se puede resolver la sobrecarga de funciones
D:\Microsoft Visual Studio\repos\2D_practica3\lib\stb_truetype.h(1178,30): message : puede ser 'stbtt_uint8 stbtt__buf_get8(stbtt__buf *)'
D:\Microsoft Visual Studio\repos\2D_practica3\lib\stb_truetype.h(1179,27): error C2065: 'stbtt__buf_get8': identificador no declarado
D:\Microsoft Visual Studio\repos\2D_practica3\lib\stb_truetype.h(1179,53): error C2296: '|': no es válido; el operando izquierdo es de tipo 'stbtt_uint8 (__cdecl *)(stbtt__buf *)'
D:\Microsoft Visual Studio\repos\2D_practica3\lib\stb_truetype.h(1180,29): error C2065: 'stbtt__buf_range': identificador no declarado
D:\Microsoft Visual Studio\repos\2D_practica3\lib\stb_truetype.h(1182,11): error C2065: 'stbtt__buf_range': identificador no declarado
D:\Microsoft Visual Studio\repos\2D_practica3\lib\stb_truetype.h(1186,1): error C2084: la función 'void stbtt__dict_get_ints(stbtt__buf *,int,int,stbtt_uint32 *)' ya tiene un cuerpo
D:\Microsoft Visual Studio\repos\2D_practica3\lib\stb_truetype.h(1185): message : vea la definición anterior de 'stbtt__dict_get_ints'
D:\Microsoft Visual Studio\repos\2D_practica3\lib\stb_truetype.h(1188,26): error C2065: 'stbtt__dict_get': identificador no declarado
D:\Microsoft Visual Studio\repos\2D_practica3\lib\stb_truetype.h(1188,49): error C2440: 'inicializando': no se puede realizar la conversión de 'stbtt__buf (__cdecl *)(stbtt__buf *,int)' a 'stbtt__buf'
D:\Microsoft Visual Studio\repos\2D_practica3\lib\stb_truetype.h(1188,49): message : Ningún constructor ha podido aceptar el tipo de origen o bien la resolución de sobrecarga del constructor era ambigua
D:\Microsoft Visual Studio\repos\2D_practica3\lib\stb_truetype.h(1190,16): error C2065: 'stbtt__cff_int': identificador no declarado
D:\Microsoft Visual Studio\repos\2D_practica3\lib\stb_truetype.h(1190,41): error C2568: '=': no se puede resolver la sobrecarga de funciones
D:\Microsoft Visual Studio\repos\2D_practica3\lib\stb_truetype.h(1190,41): message : puede ser 'stbtt_uint32 stbtt__cff_int(stbtt__buf *)'
D:\Microsoft Visual Studio\repos\2D_practica3\lib\stb_truetype.h(1194,1): error C2084: la función 'int stbtt__cff_index_count(stbtt__buf *)' ya tiene un cuerpo
D:\Microsoft Visual Studio\repos\2D_practica3\lib\stb_truetype.h(1193): message : vea la definición anterior de 'stbtt__cff_index_count'
D:\Microsoft Visual Studio\repos\2D_practica3\lib\stb_truetype.h(1195,4): error C2065: 'stbtt__buf_seek': identificador no declarado
D:\Microsoft Visual Studio\repos\2D_practica3\lib\stb_truetype.h(1196,11): error C2065: 'stbtt__buf_get': identificador no declarado
D:\Microsoft Visual Studio\repos\2D_practica3\lib\stb_truetype.h(1200,1): error C2084: la función 'stbtt__buf stbtt__cff_index_get(stbtt__buf,int)' ya tiene un cuerpo
D:\Microsoft Visual Studio\repos\2D_practica3\lib\stb_truetype.h(1199): message : vea la definición anterior de 'stbtt__cff_index_get'
D:\Microsoft Visual Studio\repos\2D_practica3\lib\stb_truetype.h(1202,4): error C2065: 'stbtt__buf_seek': identificador no declarado
D:\Microsoft Visual Studio\repos\2D_practica3\lib\stb_truetype.h(1203,12): error C2065: 'stbtt__buf_get': identificador no declarado
D:\Microsoft Visual Studio\repos\2D_practica3\lib\stb_truetype.h(1203,32): error C2568: '=': no se puede resolver la sobrecarga de funciones
D:\Microsoft Visual Studio\repos\2D_practica3\lib\stb_truetype.h(1203,32): message : puede ser 'stbtt_uint32 stbtt__buf_get(stbtt__buf *,int)'
D:\Microsoft Visual Studio\repos\2D_practica3\lib\stb_truetype.h(1204,14): error C2065: 'stbtt__buf_get8': identificador no declarado
D:\Microsoft Visual Studio\repos\2D_practica3\lib\stb_truetype.h(1204,33): error C2568: '=': no se puede resolver la sobrecarga de funciones
D:\Microsoft Visual Studio\repos\2D_practica3\lib\stb_truetype.h(1204,33): message : puede ser 'stbtt_uint8 stbtt__buf_get8(stbtt__buf *)'
D:\Microsoft Visual Studio\repos\2D_practica3\lib\stb_truetype.h(1207,4): error C2065: 'stbtt__buf_skip': identificador no declarado
D:\Microsoft Visual Studio\repos\2D_practica3\lib\stb_truetype.h(1208,12): error C2065: 'stbtt__buf_get': identificador no declarado
D:\Microsoft Visual Studio\repos\2D_practica3\lib\stb_truetype.h(1208,39): error C2568: '=': no se puede resolver la sobrecarga de funciones
D:\Microsoft Visual Studio\repos\2D_practica3\lib\stb_truetype.h(1208,39): message : puede ser 'stbtt_uint32 stbtt__buf_get(stbtt__buf *,int)'
D:\Microsoft Visual Studio\repos\2D_practica3\lib\stb_truetype.h(1209,10): error C2065: 'stbtt__buf_get': identificador no declarado
D:\Microsoft Visual Studio\repos\2D_practica3\lib\stb_truetype.h(1209,37): error C2568: '=': no se puede resolver la sobrecarga de funciones
D:\Microsoft Visual Studio\repos\2D_practica3\lib\stb_truetype.h(1209,37): message : puede ser 'stbtt_uint32 stbtt__buf_get(stbtt__buf *,int)'
D:\Microsoft Visual Studio\repos\2D_practica3\lib\stb_truetype.h(1210,11): error C2065: 'stbtt__buf_range': identificador no declarado
D:\Microsoft Visual Studio\repos\2D_practica3\lib\stb_truetype.h(1225,46): error C2084: la función 'stbtt_uint16 ttUSHORT(stbtt_uint8 *)' ya tiene un cuerpo
D:\Microsoft Visual Studio\repos\2D_practica3\lib\stb_truetype.h(1225): message : vea la definición anterior de 'ttUSHORT'
D:\Microsoft Visual Studio\repos\2D_practica3\lib\stb_truetype.h(1226,46): error C2084: la función 'stbtt_int16 ttSHORT(stbtt_uint8 *)' ya tiene un cuerpo
D:\Microsoft Visual Studio\repos\2D_practica3\lib\stb_truetype.h(1226): message : vea la definición anterior de 'ttSHORT'
D:\Microsoft Visual Studio\repos\2D_practica3\lib\stb_truetype.h(1227,46): error C2084: la función 'stbtt_uint32 ttULONG(stbtt_uint8 *)' ya tiene un cuerpo
D:\Microsoft Visual Studio\repos\2D_practica3\lib\stb_truetype.h(1227): message : vea la definición anterior de 'ttULONG'
D:\Microsoft Visual Studio\repos\2D_practica3\lib\stb_truetype.h(1228,46): error C2084: la función 'stbtt_int32 ttLONG(stbtt_uint8 *)' ya tiene un cuerpo
D:\Microsoft Visual Studio\repos\2D_practica3\lib\stb_truetype.h(1228): message : vea la definición anterior de 'ttLONG'
D:\Microsoft Visual Studio\repos\2D_practica3\lib\stb_truetype.h(1234,1): error C2084: la función 'int stbtt__isfont(stbtt_uint8 *)' ya tiene un cuerpo
D:\Microsoft Visual Studio\repos\2D_practica3\lib\stb_truetype.h(1233): message : vea la definición anterior de 'stbtt__isfont'
D:\Microsoft Visual Studio\repos\2D_practica3\lib\stb_truetype.h(1246,1): error C2084: la función 'stbtt_uint32 stbtt__find_table(stbtt_uint8 *,stbtt_uint32,const char *)' ya tiene un cuerpo
D:\Microsoft Visual Studio\repos\2D_practica3\lib\stb_truetype.h(1245): message : vea la definición anterior de 'stbtt__find_table'
D:\Microsoft Visual Studio\repos\2D_practica3\lib\stb_truetype.h(1247,29): error C2065: 'ttUSHORT': identificador no declarado
D:\Microsoft Visual Studio\repos\2D_practica3\lib\stb_truetype.h(1247,55): error C2440: 'inicializando': no se puede realizar la conversión de 'stbtt_uint16 (__cdecl *)(stbtt_uint8 *)' a 'stbtt_int32'
D:\Microsoft Visual Studio\repos\2D_practica3\lib\stb_truetype.h(1247,27): message : No existe un contexto en el que sea posible realizar esta conversión
D:\Microsoft Visual Studio\repos\2D_practica3\lib\stb_truetype.h(1253,17): error C2065: 'ttULONG': identificador no declarado
D:\Microsoft Visual Studio\repos\2D_practica3\lib\stb_truetype.h(1259,1): error C2084: la función 'int stbtt_GetFontOffsetForIndex_internal(unsigned char *,int)' ya tiene un cuerpo
D:\Microsoft Visual Studio\repos\2D_practica3\lib\stb_truetype.h(1258): message : vea la definición anterior de 'stbtt_GetFontOffsetForIndex_internal'
D:\Microsoft Visual Studio\repos\2D_practica3\lib\stb_truetype.h(1261,8): error C2065: 'stbtt__isfont': identificador no declarado
D:\Microsoft Visual Studio\repos\2D_practica3\lib\stb_truetype.h(1267,11): error C2065: 'ttULONG': identificador no declarado
D:\Microsoft Visual Studio\repos\2D_practica3\lib\stb_truetype.h(1267,10): error C2446: ==': no hay conversión de 'int' en 'stbtt_uint32 (__cdecl *)(stbtt_uint8 *)'
D:\Microsoft Visual Studio\repos\2D_practica3\lib\stb_truetype.h(1267,41): message : La conversión de un tipo entero a un tipo de puntero requiere reinterpret_cast, conversión de estilo de C o conversión de estilo de función
D:\Microsoft Visual Studio\repos\2D_practica3\lib\stb_truetype.h(1267,55): error C2065: 'ttULONG': identificador no declarado
D:\Microsoft Visual Studio\repos\2D_practica3\lib\stb_truetype.h(1267,95): error C2446: ==': no hay conversión de 'int' en 'stbtt_uint32 (__cdecl *)(stbtt_uint8 *)'
D:\Microsoft Visual Studio\repos\2D_practica3\lib\stb_truetype.h(1267,85): message : La conversión de un tipo entero a un tipo de puntero requiere reinterpret_cast, conversión de estilo de C o conversión de estilo de función
D:\Microsoft Visual Studio\repos\2D_practica3\lib\stb_truetype.h(1268,26): error C2065: 'ttLONG': identificador no declarado
D:\Microsoft Visual Studio\repos\2D_practica3\lib\stb_truetype.h(1268,51): error C2440: 'inicializando': no se puede realizar la conversión de 'stbtt_int32 (__cdecl *)(stbtt_uint8 *)' a 'stbtt_int32'
D:\Microsoft Visual Studio\repos\2D_practica3\lib\stb_truetype.h(1268,24): message : No existe un contexto en el que sea posible realizar esta conversión
D:\Microsoft Visual Studio\repos\2D_practica3\lib\stb_truetype.h(1271,17): error C2065: 'ttULONG': identificador no declarado
D:\Microsoft Visual Studio\repos\2D_practica3\lib\stb_truetype.h(1278,1): error C2084: la función 'int stbtt_GetNumberOfFonts_internal(unsigned char *)' ya tiene un cuerpo
D:\Microsoft Visual Studio\repos\2D_practica3\lib\stb_truetype.h(1277): message : vea la definición anterior de 'stbtt_GetNumberOfFonts_internal'
D:\Microsoft Visual Studio\repos\2D_practica3\lib\stb_truetype.h(1280,8): error C2065: 'stbtt__isfont': identificador no declarado
D:\Microsoft Visual Studio\repos\2D_practica3\lib\stb_truetype.h(1286,11): error C2065: 'ttULONG': identificador no declarado
D:\Microsoft Visual Studio\repos\2D_practica3\lib\stb_truetype.h(1286,10): error C2446: ==': no hay conversión de 'int' en 'stbtt_uint32 (__cdecl *)(stbtt_uint8 *)'
D:\Microsoft Visual Studio\repos\2D_practica3\lib\stb_truetype.h(1286,41): message : La conversión de un tipo entero a un tipo de puntero requiere reinterpret_cast, conversión de estilo de C o conversión de estilo de función
D:\Microsoft Visual Studio\repos\2D_practica3\lib\stb_truetype.h(1286,55): error C2065: 'ttULONG': identificador no declarado
D:\Microsoft Visual Studio\repos\2D_practica3\lib\stb_truetype.h(1286,95): error C2446: ==': no hay conversión de 'int' en 'stbtt_uint32 (__cdecl *)(stbtt_uint8 *)'
D:\Microsoft Visual Studio\repos\2D_practica3\lib\stb_truetype.h(1286,85): message : La conversión de un tipo entero a un tipo de puntero requiere reinterpret_cast, conversión de estilo de C o conversión de estilo de función
D:\Microsoft Visual Studio\repos\2D_practica3\lib\stb_truetype.h(1287,17): error C2065: 'ttLONG': identificador no declarado
D:\Microsoft Visual Studio\repos\2D_practica3\lib\stb_truetype.h(1294,1): error C2084: la función 'stbtt__buf stbtt__get_subrs(stbtt__buf,stbtt__buf)' ya tiene un cuerpo
D:\Microsoft Visual Studio\repos\2D_practica3\lib\stb_truetype.h(1293): message : vea la definición anterior de 'stbtt__get_subrs'
D:\Microsoft Visual Studio\repos\2D_practica3\lib\stb_truetype.h(1297,4): error C2065: 'stbtt__dict_get_ints': identificador no declarado
D:\Microsoft Visual Studio\repos\2D_practica3\lib\stb_truetype.h(1298,51): error C2065: 'stbtt__new_buf': identificador no declarado
D:\Microsoft Visual Studio\repos\2D_practica3\lib\stb_truetype.h(1299,12): error C2065: 'stbtt__buf_range': identificador no declarado
D:\Microsoft Visual Studio\repos\2D_practica3\lib\stb_truetype.h(1300,4): error C2065: 'stbtt__dict_get_ints': identificador no declarado
D:\Microsoft Visual Studio\repos\2D_practica3\lib\stb_truetype.h(1301,26): error C2065: 'stbtt__new_buf': identificador no declarado
D:\Microsoft Visual Studio\repos\2D_practica3\lib\stb_truetype.h(1302,4): error C2065: 'stbtt__buf_seek': identificador no declarado
  Text.cpp
  Generando código...
D:\Microsoft Visual Studio\repos\2D_practica3\lib\stb_truetype.h(1302,49): fatal error C1003: el recuento de errores supera 100; se detiene la compilación
