  core.cpp
  example.cpp
  font.cpp
  lodepng.cpp
  stdafx.cpp
  sys_win.cpp
  collision_comp.cpp
  linear_vel_comp.cpp
  render_comp.cpp
  entity.cpp
  timer.cpp
  background.cpp
  sprite.cpp
  graphics_engine.cpp
  world.cpp
  Generating code
  Previous IPDB not found, fall back to full compilation.
  All 654 functions were compiled because no usable IPDB/IOBJ from previous compilation was found.
  Finished generating code
  swalib_example.vcxproj -> D:\Microsoft Visual Studio\repos\Arquitectura\swalib_example\Release\swalib_example.exe
