h:\información\master\master\propio 19-20\ejercicios\1_skeleton\1_skeleton\swalib-master\swalib_example\swalib_example\release\vc142.pdb
h:\información\master\master\propio 19-20\ejercicios\1_skeleton\1_skeleton\swalib-master\swalib_example\swalib_example\release\sys_win.obj
h:\información\master\master\propio 19-20\ejercicios\1_skeleton\1_skeleton\swalib-master\swalib_example\swalib_example\release\stdafx.obj
h:\información\master\master\propio 19-20\ejercicios\1_skeleton\1_skeleton\swalib-master\swalib_example\swalib_example\release\lodepng.obj
h:\información\master\master\propio 19-20\ejercicios\1_skeleton\1_skeleton\swalib-master\swalib_example\swalib_example\release\font.obj
h:\información\master\master\propio 19-20\ejercicios\1_skeleton\1_skeleton\swalib-master\swalib_example\swalib_example\release\example.obj
h:\información\master\master\propio 19-20\ejercicios\1_skeleton\1_skeleton\swalib-master\swalib_example\swalib_example\release\core.obj
c:\jose\master arquitectura videojuegos\propio_2019_2020\ejercicios\1_skeleton (1)\1_skeleton\swalib-master\swalib_example\swalib_example\release\vc142.pdb
c:\jose\master arquitectura videojuegos\propio_2019_2020\ejercicios\1_skeleton (1)\1_skeleton\swalib-master\swalib_example\swalib_example\release\sys_win.obj
c:\jose\master arquitectura videojuegos\propio_2019_2020\ejercicios\1_skeleton (1)\1_skeleton\swalib-master\swalib_example\swalib_example\release\stdafx.obj
c:\jose\master arquitectura videojuegos\propio_2019_2020\ejercicios\1_skeleton (1)\1_skeleton\swalib-master\swalib_example\swalib_example\release\lodepng.obj
c:\jose\master arquitectura videojuegos\propio_2019_2020\ejercicios\1_skeleton (1)\1_skeleton\swalib-master\swalib_example\swalib_example\release\font.obj
c:\jose\master arquitectura videojuegos\propio_2019_2020\ejercicios\1_skeleton (1)\1_skeleton\swalib-master\swalib_example\swalib_example\release\example.obj
c:\jose\master arquitectura videojuegos\propio_2019_2020\ejercicios\1_skeleton (1)\1_skeleton\swalib-master\swalib_example\swalib_example\release\core.obj
h:\información\master\master\propio 19-20\ejercicios\1_skeleton\1_skeleton\swalib-master\swalib_example\release\swalib_example.exe
h:\información\master\master\propio 19-20\ejercicios\1_skeleton\1_skeleton\swalib-master\swalib_example\release\swalib_example.pdb
c:\jose\master arquitectura videojuegos\propio_2019_2020\ejercicios\1_skeleton (1)\1_skeleton\swalib-master\swalib_example\release\swalib_example.exe
c:\jose\master arquitectura videojuegos\propio_2019_2020\ejercicios\1_skeleton (1)\1_skeleton\swalib-master\swalib_example\release\swalib_example.pdb
h:\información\master\master\propio 19-20\ejercicios\1_skeleton\1_skeleton\swalib-master\swalib_example\release\swalib_example.ipdb
h:\información\master\master\propio 19-20\ejercicios\1_skeleton\1_skeleton\swalib-master\swalib_example\release\swalib_example.iobj
c:\jose\master arquitectura videojuegos\propio_2019_2020\ejercicios\1_skeleton (1)\1_skeleton\swalib-master\swalib_example\release\swalib_example.ipdb
c:\jose\master arquitectura videojuegos\propio_2019_2020\ejercicios\1_skeleton (1)\1_skeleton\swalib-master\swalib_example\release\swalib_example.iobj
c:\jose\master arquitectura videojuegos\propio_2019_2020\ejercicios\1_skeleton (1)\1_skeleton\swalib-master\swalib_example\swalib_example\release\nativecodeanalysis.read.1.tlog
c:\jose\master arquitectura videojuegos\propio_2019_2020\ejercicios\1_skeleton (1)\1_skeleton\swalib-master\swalib_example\swalib_example\release\core.nativecodeanalysis.xml
c:\jose\master arquitectura videojuegos\propio_2019_2020\ejercicios\1_skeleton (1)\1_skeleton\swalib-master\swalib_example\swalib_example\release\example.nativecodeanalysis.xml
c:\jose\master arquitectura videojuegos\propio_2019_2020\ejercicios\1_skeleton (1)\1_skeleton\swalib-master\swalib_example\swalib_example\release\font.nativecodeanalysis.xml
c:\jose\master arquitectura videojuegos\propio_2019_2020\ejercicios\1_skeleton (1)\1_skeleton\swalib-master\swalib_example\swalib_example\release\lodepng.nativecodeanalysis.xml
c:\jose\master arquitectura videojuegos\propio_2019_2020\ejercicios\1_skeleton (1)\1_skeleton\swalib-master\swalib_example\swalib_example\release\stdafx.nativecodeanalysis.xml
c:\jose\master arquitectura videojuegos\propio_2019_2020\ejercicios\1_skeleton (1)\1_skeleton\swalib-master\swalib_example\swalib_example\release\sys_win.nativecodeanalysis.xml
c:\jose\master arquitectura videojuegos\propio_2019_2020\ejercicios\1_skeleton (1)\1_skeleton\swalib-master\swalib_example\swalib_example\release\vc.nativecodeanalysis.all.xml
c:\jose\master arquitectura videojuegos\propio_2019_2020\ejercicios\1_skeleton (1)\1_skeleton\swalib-master\swalib_example\swalib_example\release\swalib_example.tlog\cl.command.1.tlog
c:\jose\master arquitectura videojuegos\propio_2019_2020\ejercicios\1_skeleton (1)\1_skeleton\swalib-master\swalib_example\swalib_example\release\swalib_example.tlog\cl.read.1.tlog
c:\jose\master arquitectura videojuegos\propio_2019_2020\ejercicios\1_skeleton (1)\1_skeleton\swalib-master\swalib_example\swalib_example\release\swalib_example.tlog\cl.write.1.tlog
c:\jose\master arquitectura videojuegos\propio_2019_2020\ejercicios\1_skeleton (1)\1_skeleton\swalib-master\swalib_example\swalib_example\release\swalib_example.tlog\link.command.1.tlog
c:\jose\master arquitectura videojuegos\propio_2019_2020\ejercicios\1_skeleton (1)\1_skeleton\swalib-master\swalib_example\swalib_example\release\swalib_example.tlog\link.delete.1.tlog
c:\jose\master arquitectura videojuegos\propio_2019_2020\ejercicios\1_skeleton (1)\1_skeleton\swalib-master\swalib_example\swalib_example\release\swalib_example.tlog\link.read.1.tlog
c:\jose\master arquitectura videojuegos\propio_2019_2020\ejercicios\1_skeleton (1)\1_skeleton\swalib-master\swalib_example\swalib_example\release\swalib_example.tlog\link.write.1.tlog
c:\jose\master arquitectura videojuegos\propio_2019_2020\ejercicios\1_skeleton (1)\1_skeleton\swalib-master\swalib_example\swalib_example\release\swalib_example.tlog\swalib_example.write.1u.tlog
