The system is: Windows - 10.0.17763 - AMD64
Compiling the C compiler identification source file "CMakeCCompilerId.c" succeeded.
Compiler: D:/Microsoft Visual Studio/2019/Community/VC/Tools/MSVC/14.23.28105/bin/HostX64/x64/cl.exe 
Build flags: 
Id flags:  

The output was:
0
Compilador de optimización de C/C++ de Microsoft (R) versión 19.23.28106.4 para x64
(C) Microsoft Corporation. Todos los derechos reservados.

CMakeCCompilerId.c
Microsoft (R) Incremental Linker Version 14.23.28106.4
Copyright (C) Microsoft Corporation.  All rights reserved.

/out:CMakeCCompilerId.exe 
CMakeCCompilerId.obj 


Compilation of the C compiler identification source "CMakeCCompilerId.c" produced "CMakeCCompilerId.exe"

Compilation of the C compiler identification source "CMakeCCompilerId.c" produced "CMakeCCompilerId.obj"

The C compiler identification is MSVC, found in "D:/Microsoft Visual Studio/repos/Practica2Mates/exercise2handout/out/build/x64-Debug/CMakeFiles/3.15.19080502-MSVC_2/CompilerIdC/CMakeCCompilerId.exe"

Compiling the CXX compiler identification source file "CMakeCXXCompilerId.cpp" succeeded.
Compiler: D:/Microsoft Visual Studio/2019/Community/VC/Tools/MSVC/14.23.28105/bin/HostX64/x64/cl.exe 
Build flags: 
Id flags:  

The output was:
0
Compilador de optimización de C/C++ de Microsoft (R) versión 19.23.28106.4 para x64
(C) Microsoft Corporation. Todos los derechos reservados.

CMakeCXXCompilerId.cpp
Microsoft (R) Incremental Linker Version 14.23.28106.4
Copyright (C) Microsoft Corporation.  All rights reserved.

/out:CMakeCXXCompilerId.exe 
CMakeCXXCompilerId.obj 


Compilation of the CXX compiler identification source "CMakeCXXCompilerId.cpp" produced "CMakeCXXCompilerId.exe"

Compilation of the CXX compiler identification source "CMakeCXXCompilerId.cpp" produced "CMakeCXXCompilerId.obj"

The CXX compiler identification is MSVC, found in "D:/Microsoft Visual Studio/repos/Practica2Mates/exercise2handout/out/build/x64-Debug/CMakeFiles/3.15.19080502-MSVC_2/CompilerIdCXX/CMakeCXXCompilerId.exe"

Determining if the C compiler works passed with the following output:
Change Dir: D:/Microsoft Visual Studio/repos/Practica2Mates/exercise2handout/out/build/x64-Debug/CMakeFiles/CMakeTmp

Run Build Command(s):D:/Microsoft Visual Studio/2019/Community/Common7/IDE/CommonExtensions/Microsoft/CMake/Ninja/ninja.exe cmTC_cb3a6 && [1/2] Building C object CMakeFiles\cmTC_cb3a6.dir\testCCompiler.c.obj
[2/2] Linking C executable cmTC_cb3a6.exe



Detecting C compiler ABI info compiled with the following output:
Change Dir: D:/Microsoft Visual Studio/repos/Practica2Mates/exercise2handout/out/build/x64-Debug/CMakeFiles/CMakeTmp

Run Build Command(s):D:/Microsoft Visual Studio/2019/Community/Common7/IDE/CommonExtensions/Microsoft/CMake/Ninja/ninja.exe cmTC_b547c && [1/2] Building C object CMakeFiles\cmTC_b547c.dir\CMakeCCompilerABI.c.obj
Nota: inclusión del archivo: D:\Microsoft Visual Studio\2019\Community\Common7\IDE\CommonExtensions\Microsoft\CMake\CMake\share\cmake-3.15\Modules\CMakeCompilerABI.h
[2/2] Linking C executable cmTC_b547c.exe



Determining if the CXX compiler works passed with the following output:
Change Dir: D:/Microsoft Visual Studio/repos/Practica2Mates/exercise2handout/out/build/x64-Debug/CMakeFiles/CMakeTmp

Run Build Command(s):D:/Microsoft Visual Studio/2019/Community/Common7/IDE/CommonExtensions/Microsoft/CMake/Ninja/ninja.exe cmTC_9f83d && [1/2] Building CXX object CMakeFiles\cmTC_9f83d.dir\testCXXCompiler.cxx.obj
[2/2] Linking CXX executable cmTC_9f83d.exe



Detecting CXX compiler ABI info compiled with the following output:
Change Dir: D:/Microsoft Visual Studio/repos/Practica2Mates/exercise2handout/out/build/x64-Debug/CMakeFiles/CMakeTmp

Run Build Command(s):D:/Microsoft Visual Studio/2019/Community/Common7/IDE/CommonExtensions/Microsoft/CMake/Ninja/ninja.exe cmTC_534dc && [1/2] Building CXX object CMakeFiles\cmTC_534dc.dir\CMakeCXXCompilerABI.cpp.obj
Nota: inclusión del archivo: D:\Microsoft Visual Studio\2019\Community\Common7\IDE\CommonExtensions\Microsoft\CMake\CMake\share\cmake-3.15\Modules\CMakeCompilerABI.h
[2/2] Linking CXX executable cmTC_534dc.exe



